# JRE version: Java(TM) SE Runtime Environment (12.0.1+12) (build 12.0.1+12)
# Java VM: Java HotSpot(TM) 64-Bit Server VM (12.0.1+12, mixed mode, sharing, tiered, compressed oops, g1 gc, windows-amd64)
Heap:
 garbage-first heap   total 460800K, used 288717K [0x0000000082000000, 0x0000000100000000)
  region size 1024K, 163 young (166912K), 33 survivors (33792K)
 Metaspace       used 46861K, capacity 49557K, committed 49840K, reserved 1091584K
  class space    used 5541K, capacity 6787K, committed 6912K, reserved 1048576K
GC Heap History (10 events):
Event: 8.089 GC heap before
{Heap before GC invocations=41 (full 0):
 garbage-first heap   total 393216K, used 288710K [0x0000000082000000, 0x0000000100000000)
  region size 1024K, 230 young (235520K), 15 survivors (15360K)
 Metaspace       used 41584K, capacity 44363K, committed 44592K, reserved 1087488K
  class space    used 4985K, capacity 6153K, committed 6272K, reserved 1048576K
}
Event: 8.101 GC heap after
{Heap after GC invocations=42 (full 0):
 garbage-first heap   total 393216K, used 76035K [0x0000000082000000, 0x0000000100000000)
  region size 1024K, 24 young (24576K), 24 survivors (24576K)
 Metaspace       used 41584K, capacity 44363K, committed 44592K, reserved 1087488K
  class space    used 4985K, capacity 6153K, committed 6272K, reserved 1048576K
}
Event: 8.765 GC heap before
{Heap before GC invocations=42 (full 0):
 garbage-first heap   total 393216K, used 291075K [0x0000000082000000, 0x0000000100000000)
  region size 1024K, 230 young (235520K), 24 survivors (24576K)
 Metaspace       used 44100K, capacity 46782K, committed 47024K, reserved 1089536K
  class space    used 5361K, capacity 6551K, committed 6656K, reserved 1048576K
}
Event: 8.776 GC heap after
{Heap after GC invocations=43 (full 0):
 garbage-first heap   total 460800K, used 79788K [0x0000000082000000, 0x0000000100000000)
  region size 1024K, 20 young (20480K), 20 survivors (20480K)
 Metaspace       used 44100K, capacity 46782K, committed 47024K, reserved 1089536K
  class space    used 5361K, capacity 6551K, committed 6656K, reserved 1048576K
}
Event: 9.305 GC heap before
{Heap before GC invocations=43 (full 0):
 garbage-first heap   total 460800K, used 336812K [0x0000000082000000, 0x0000000100000000)
  region size 1024K, 270 young (276480K), 20 survivors (20480K)
 Metaspace       used 44686K, capacity 47390K, committed 47536K, reserved 1089536K
  class space    used 5405K, capacity 6647K, committed 6656K, reserved 1048576K
}
Event: 9.325 GC heap after
{Heap after GC invocations=44 (full 0):
 garbage-first heap   total 460800K, used 97591K [0x0000000082000000, 0x0000000100000000)
  region size 1024K, 34 young (34816K), 34 survivors (34816K)
 Metaspace       used 44686K, capacity 47390K, committed 47536K, reserved 1089536K
  class space    used 5405K, capacity 6647K, committed 6656K, reserved 1048576K
}
Event: 9.554 GC heap before
{Heap before GC invocations=44 (full 0):
 garbage-first heap   total 460800K, used 384311K [0x0000000082000000, 0x0000000100000000)
  region size 1024K, 270 young (276480K), 34 survivors (34816K)
 Metaspace       used 44742K, capacity 47454K, committed 47536K, reserved 1089536K
  class space    used 5406K, capacity 6647K, committed 6656K, reserved 1048576K
}
Event: 9.571 GC heap after
{Heap after GC invocations=45 (full 0):
 garbage-first heap   total 460800K, used 124334K [0x0000000082000000, 0x0000000100000000)
  region size 1024K, 20 young (20480K), 20 survivors (20480K)
 Metaspace       used 44742K, capacity 47454K, committed 47536K, reserved 1089536K
  class space    used 5406K, capacity 6647K, committed 6656K, reserved 1048576K
}
Event: 10.121 GC heap before
{Heap before GC invocations=45 (full 0):
 garbage-first heap   total 460800K, used 375214K [0x0000000082000000, 0x0000000100000000)
  region size 1024K, 260 young (266240K), 20 survivors (20480K)
 Metaspace       used 46099K, capacity 48789K, committed 48944K, reserved 1091584K
  class space    used 5490K, capacity 6723K, committed 6784K, reserved 1048576K
}
Event: 10.142 GC heap after
{Heap after GC invocations=46 (full 0):
 garbage-first heap   total 460800K, used 156621K [0x0000000082000000, 0x0000000100000000)
  region size 1024K, 33 young (33792K), 33 survivors (33792K)
 Metaspace       used 46099K, capacity 48789K, committed 48944K, reserved 1091584K
  class space    used 5490K, capacity 6723K, committed 6784K, reserved 1048576K
}

